2022-06-20 00:04:05.119 DEBUG 15420 --- [main] org.hibernate.type.BasicTypeRegistry     : Adding type registration boolean -> org.hibernate.type.BooleanType@17043b04
2022-06-20 00:04:05.123 DEBUG 15420 --- [main] org.hibernate.type.BasicTypeRegistry     : Adding type registration boolean -> org.hibernate.type.BooleanType@17043b04
2022-06-20 00:04:05.123 DEBUG 15420 --- [main] org.hibernate.type.BasicTypeRegistry     : Adding type registration java.lang.Boolean -> org.hibernate.type.BooleanType@17043b04
2022-06-20 00:04:05.123 DEBUG 15420 --- [main] org.hibernate.type.BasicTypeRegistry     : Adding type registration numeric_boolean -> org.hibernate.type.NumericBooleanType@1dcedc93
2022-06-20 00:04:05.123 DEBUG 15420 --- [main] org.hibernate.type.BasicTypeRegistry     : Adding type registration true_false -> org.hibernate.type.TrueFalseType@2cca611f
2022-06-20 00:04:05.124 DEBUG 15420 --- [main] org.hibernate.type.BasicTypeRegistry     : Adding type registration yes_no -> org.hibernate.type.YesNoType@fd09e43
2022-06-20 00:04:05.124 DEBUG 15420 --- [main] org.hibernate.type.BasicTypeRegistry     : Adding type registration byte -> org.hibernate.type.ByteType@6397248c
2022-06-20 00:04:05.124 DEBUG 15420 --- [main] org.hibernate.type.BasicTypeRegistry     : Adding type registration byte -> org.hibernate.type.ByteType@6397248c
2022-06-20 00:04:05.125 DEBUG 15420 --- [main] org.hibernate.type.BasicTypeRegistry     : Adding type registration java.lang.Byte -> org.hibernate.type.ByteType@6397248c
2022-06-20 00:04:05.125 DEBUG 15420 --- [main] org.hibernate.type.BasicTypeRegistry     : Adding type registration character -> org.hibernate.type.CharacterType@40ef0af8
2022-06-20 00:04:05.125 DEBUG 15420 --- [main] org.hibernate.type.BasicTypeRegistry     : Adding type registration char -> org.hibernate.type.CharacterType@40ef0af8
2022-06-20 00:04:05.125 DEBUG 15420 --- [main] org.hibernate.type.BasicTypeRegistry     : Adding type registration java.lang.Character -> org.hibernate.type.CharacterType@40ef0af8
2022-06-20 00:04:05.126 DEBUG 15420 --- [main] org.hibernate.type.BasicTypeRegistry     : Adding type registration short -> org.hibernate.type.ShortType@7f7c420c
2022-06-20 00:04:05.126 DEBUG 15420 --- [main] org.hibernate.type.BasicTypeRegistry     : Adding type registration short -> org.hibernate.type.ShortType@7f7c420c
2022-06-20 00:04:05.126 DEBUG 15420 --- [main] org.hibernate.type.BasicTypeRegistry     : Adding type registration java.lang.Short -> org.hibernate.type.ShortType@7f7c420c
2022-06-20 00:04:05.126 DEBUG 15420 --- [main] org.hibernate.type.BasicTypeRegistry     : Adding type registration integer -> org.hibernate.type.IntegerType@5f7eee96
2022-06-20 00:04:05.127 DEBUG 15420 --- [main] org.hibernate.type.BasicTypeRegistry     : Adding type registration int -> org.hibernate.type.IntegerType@5f7eee96
2022-06-20 00:04:05.127 DEBUG 15420 --- [main] org.hibernate.type.BasicTypeRegistry     : Adding type registration java.lang.Integer -> org.hibernate.type.IntegerType@5f7eee96
2022-06-20 00:04:05.127 DEBUG 15420 --- [main] org.hibernate.type.BasicTypeRegistry     : Adding type registration long -> org.hibernate.type.LongType@3f6f3cc
2022-06-20 00:04:05.127 DEBUG 15420 --- [main] org.hibernate.type.BasicTypeRegistry     : Adding type registration long -> org.hibernate.type.LongType@3f6f3cc
2022-06-20 00:04:05.127 DEBUG 15420 --- [main] org.hibernate.type.BasicTypeRegistry     : Adding type registration java.lang.Long -> org.hibernate.type.LongType@3f6f3cc
2022-06-20 00:04:05.128 DEBUG 15420 --- [main] org.hibernate.type.BasicTypeRegistry     : Adding type registration float -> org.hibernate.type.FloatType@5d512ddb
2022-06-20 00:04:05.128 DEBUG 15420 --- [main] org.hibernate.type.BasicTypeRegistry     : Adding type registration float -> org.hibernate.type.FloatType@5d512ddb
2022-06-20 00:04:05.128 DEBUG 15420 --- [main] org.hibernate.type.BasicTypeRegistry     : Adding type registration java.lang.Float -> org.hibernate.type.FloatType@5d512ddb
2022-06-20 00:04:05.128 DEBUG 15420 --- [main] org.hibernate.type.BasicTypeRegistry     : Adding type registration double -> org.hibernate.type.DoubleType@66bf40e5
2022-06-20 00:04:05.128 DEBUG 15420 --- [main] org.hibernate.type.BasicTypeRegistry     : Adding type registration double -> org.hibernate.type.DoubleType@66bf40e5
2022-06-20 00:04:05.128 DEBUG 15420 --- [main] org.hibernate.type.BasicTypeRegistry     : Adding type registration java.lang.Double -> org.hibernate.type.DoubleType@66bf40e5
2022-06-20 00:04:05.129 DEBUG 15420 --- [main] org.hibernate.type.BasicTypeRegistry     : Adding type registration big_decimal -> org.hibernate.type.BigDecimalType@6a6c7f42
2022-06-20 00:04:05.129 DEBUG 15420 --- [main] org.hibernate.type.BasicTypeRegistry     : Adding type registration java.math.BigDecimal -> org.hibernate.type.BigDecimalType@6a6c7f42
2022-06-20 00:04:05.129 DEBUG 15420 --- [main] org.hibernate.type.BasicTypeRegistry     : Adding type registration big_integer -> org.hibernate.type.BigIntegerType@52ae997b
2022-06-20 00:04:05.130 DEBUG 15420 --- [main] org.hibernate.type.BasicTypeRegistry     : Adding type registration java.math.BigInteger -> org.hibernate.type.BigIntegerType@52ae997b
2022-06-20 00:04:05.130 DEBUG 15420 --- [main] org.hibernate.type.BasicTypeRegistry     : Adding type registration string -> org.hibernate.type.StringType@20c812c8
2022-06-20 00:04:05.130 DEBUG 15420 --- [main] org.hibernate.type.BasicTypeRegistry     : Adding type registration java.lang.String -> org.hibernate.type.StringType@20c812c8
2022-06-20 00:04:05.130 DEBUG 15420 --- [main] org.hibernate.type.BasicTypeRegistry     : Adding type registration nstring -> org.hibernate.type.StringNVarcharType@52ea0269
2022-06-20 00:04:05.131 DEBUG 15420 --- [main] org.hibernate.type.BasicTypeRegistry     : Adding type registration ncharacter -> org.hibernate.type.CharacterNCharType@53940e2f
2022-06-20 00:04:05.131 DEBUG 15420 --- [main] org.hibernate.type.BasicTypeRegistry     : Adding type registration url -> org.hibernate.type.UrlType@3281dfc2
2022-06-20 00:04:05.131 DEBUG 15420 --- [main] org.hibernate.type.BasicTypeRegistry     : Adding type registration java.net.URL -> org.hibernate.type.UrlType@3281dfc2
2022-06-20 00:04:05.132 DEBUG 15420 --- [main] org.hibernate.type.BasicTypeRegistry     : Adding type registration Duration -> org.hibernate.type.DurationType@4751e8b9
2022-06-20 00:04:05.132 DEBUG 15420 --- [main] org.hibernate.type.BasicTypeRegistry     : Adding type registration java.time.Duration -> org.hibernate.type.DurationType@4751e8b9
2022-06-20 00:04:05.133 DEBUG 15420 --- [main] org.hibernate.type.BasicTypeRegistry     : Adding type registration Instant -> org.hibernate.type.InstantType@494c8f29
2022-06-20 00:04:05.133 DEBUG 15420 --- [main] org.hibernate.type.BasicTypeRegistry     : Adding type registration java.time.Instant -> org.hibernate.type.InstantType@494c8f29
2022-06-20 00:04:05.133 DEBUG 15420 --- [main] org.hibernate.type.BasicTypeRegistry     : Adding type registration LocalDateTime -> org.hibernate.type.LocalDateTimeType@7792d851
2022-06-20 00:04:05.133 DEBUG 15420 --- [main] org.hibernate.type.BasicTypeRegistry     : Adding type registration java.time.LocalDateTime -> org.hibernate.type.LocalDateTimeType@7792d851
2022-06-20 00:04:05.134 DEBUG 15420 --- [main] org.hibernate.type.BasicTypeRegistry     : Adding type registration LocalDate -> org.hibernate.type.LocalDateType@574059d5
2022-06-20 00:04:05.134 DEBUG 15420 --- [main] org.hibernate.type.BasicTypeRegistry     : Adding type registration java.time.LocalDate -> org.hibernate.type.LocalDateType@574059d5
2022-06-20 00:04:05.134 DEBUG 15420 --- [main] org.hibernate.type.BasicTypeRegistry     : Adding type registration LocalTime -> org.hibernate.type.LocalTimeType@4a50d04a
2022-06-20 00:04:05.134 DEBUG 15420 --- [main] org.hibernate.type.BasicTypeRegistry     : Adding type registration java.time.LocalTime -> org.hibernate.type.LocalTimeType@4a50d04a
2022-06-20 00:04:05.135 DEBUG 15420 --- [main] org.hibernate.type.BasicTypeRegistry     : Adding type registration OffsetDateTime -> org.hibernate.type.OffsetDateTimeType@8a6631b
2022-06-20 00:04:05.135 DEBUG 15420 --- [main] org.hibernate.type.BasicTypeRegistry     : Adding type registration java.time.OffsetDateTime -> org.hibernate.type.OffsetDateTimeType@8a6631b
2022-06-20 00:04:05.135 DEBUG 15420 --- [main] org.hibernate.type.BasicTypeRegistry     : Adding type registration OffsetTime -> org.hibernate.type.OffsetTimeType@1da1380b
2022-06-20 00:04:05.136 DEBUG 15420 --- [main] org.hibernate.type.BasicTypeRegistry     : Adding type registration java.time.OffsetTime -> org.hibernate.type.OffsetTimeType@1da1380b
2022-06-20 00:04:05.136 DEBUG 15420 --- [main] org.hibernate.type.BasicTypeRegistry     : Adding type registration ZonedDateTime -> org.hibernate.type.ZonedDateTimeType@6adc5b9c
2022-06-20 00:04:05.136 DEBUG 15420 --- [main] org.hibernate.type.BasicTypeRegistry     : Adding type registration java.time.ZonedDateTime -> org.hibernate.type.ZonedDateTimeType@6adc5b9c
2022-06-20 00:04:05.137 DEBUG 15420 --- [main] org.hibernate.type.BasicTypeRegistry     : Adding type registration date -> org.hibernate.type.DateType@4b862408
2022-06-20 00:04:05.137 DEBUG 15420 --- [main] org.hibernate.type.BasicTypeRegistry     : Adding type registration java.sql.Date -> org.hibernate.type.DateType@4b862408
2022-06-20 00:04:05.137 DEBUG 15420 --- [main] org.hibernate.type.BasicTypeRegistry     : Adding type registration time -> org.hibernate.type.TimeType@4c19d42e
2022-06-20 00:04:05.137 DEBUG 15420 --- [main] org.hibernate.type.BasicTypeRegistry     : Adding type registration java.sql.Time -> org.hibernate.type.TimeType@4c19d42e
2022-06-20 00:04:05.138 DEBUG 15420 --- [main] org.hibernate.type.BasicTypeRegistry     : Adding type registration timestamp -> org.hibernate.type.TimestampType@33bb3f86
2022-06-20 00:04:05.138 DEBUG 15420 --- [main] org.hibernate.type.BasicTypeRegistry     : Adding type registration java.sql.Timestamp -> org.hibernate.type.TimestampType@33bb3f86
2022-06-20 00:04:05.138 DEBUG 15420 --- [main] org.hibernate.type.BasicTypeRegistry     : Adding type registration java.util.Date -> org.hibernate.type.TimestampType@33bb3f86
2022-06-20 00:04:05.139 DEBUG 15420 --- [main] org.hibernate.type.BasicTypeRegistry     : Adding type registration dbtimestamp -> org.hibernate.type.DbTimestampType@1e3ff233
2022-06-20 00:04:05.139 DEBUG 15420 --- [main] org.hibernate.type.BasicTypeRegistry     : Adding type registration calendar -> org.hibernate.type.CalendarType@1e225820
2022-06-20 00:04:05.139 DEBUG 15420 --- [main] org.hibernate.type.BasicTypeRegistry     : Adding type registration java.util.Calendar -> org.hibernate.type.CalendarType@1e225820
2022-06-20 00:04:05.139 DEBUG 15420 --- [main] org.hibernate.type.BasicTypeRegistry     : Adding type registration java.util.GregorianCalendar -> org.hibernate.type.CalendarType@1e225820
2022-06-20 00:04:05.140 DEBUG 15420 --- [main] org.hibernate.type.BasicTypeRegistry     : Adding type registration calendar_date -> org.hibernate.type.CalendarDateType@4be0a27d
2022-06-20 00:04:05.140 DEBUG 15420 --- [main] org.hibernate.type.BasicTypeRegistry     : Adding type registration calendar_time -> org.hibernate.type.CalendarTimeType@13bdf540
2022-06-20 00:04:05.141 DEBUG 15420 --- [main] org.hibernate.type.BasicTypeRegistry     : Adding type registration locale -> org.hibernate.type.LocaleType@1e957e2f
2022-06-20 00:04:05.141 DEBUG 15420 --- [main] org.hibernate.type.BasicTypeRegistry     : Adding type registration java.util.Locale -> org.hibernate.type.LocaleType@1e957e2f
2022-06-20 00:04:05.141 DEBUG 15420 --- [main] org.hibernate.type.BasicTypeRegistry     : Adding type registration currency -> org.hibernate.type.CurrencyType@627ff1b8
2022-06-20 00:04:05.141 DEBUG 15420 --- [main] org.hibernate.type.BasicTypeRegistry     : Adding type registration java.util.Currency -> org.hibernate.type.CurrencyType@627ff1b8
2022-06-20 00:04:05.142 DEBUG 15420 --- [main] org.hibernate.type.BasicTypeRegistry     : Adding type registration timezone -> org.hibernate.type.TimeZoneType@66fbc5e7
2022-06-20 00:04:05.142 DEBUG 15420 --- [main] org.hibernate.type.BasicTypeRegistry     : Adding type registration java.util.TimeZone -> org.hibernate.type.TimeZoneType@66fbc5e7
2022-06-20 00:04:05.142 DEBUG 15420 --- [main] org.hibernate.type.BasicTypeRegistry     : Adding type registration class -> org.hibernate.type.ClassType@5b202ff
2022-06-20 00:04:05.142 DEBUG 15420 --- [main] org.hibernate.type.BasicTypeRegistry     : Adding type registration java.lang.Class -> org.hibernate.type.ClassType@5b202ff
2022-06-20 00:04:05.142 DEBUG 15420 --- [main] org.hibernate.type.BasicTypeRegistry     : Adding type registration uuid-binary -> org.hibernate.type.UUIDBinaryType@36068727
2022-06-20 00:04:05.142 DEBUG 15420 --- [main] org.hibernate.type.BasicTypeRegistry     : Adding type registration java.util.UUID -> org.hibernate.type.UUIDBinaryType@36068727
2022-06-20 00:04:05.143 DEBUG 15420 --- [main] org.hibernate.type.BasicTypeRegistry     : Adding type registration uuid-char -> org.hibernate.type.UUIDCharType@208205ed
2022-06-20 00:04:05.143 DEBUG 15420 --- [main] org.hibernate.type.BasicTypeRegistry     : Adding type registration binary -> org.hibernate.type.BinaryType@7f6329cb
2022-06-20 00:04:05.143 DEBUG 15420 --- [main] org.hibernate.type.BasicTypeRegistry     : Adding type registration byte[] -> org.hibernate.type.BinaryType@7f6329cb
2022-06-20 00:04:05.143 DEBUG 15420 --- [main] org.hibernate.type.BasicTypeRegistry     : Adding type registration [B -> org.hibernate.type.BinaryType@7f6329cb
2022-06-20 00:04:05.144 DEBUG 15420 --- [main] org.hibernate.type.BasicTypeRegistry     : Adding type registration wrapper-binary -> org.hibernate.type.WrapperBinaryType@25ffd826
2022-06-20 00:04:05.144 DEBUG 15420 --- [main] org.hibernate.type.BasicTypeRegistry     : Adding type registration Byte[] -> org.hibernate.type.WrapperBinaryType@25ffd826
2022-06-20 00:04:05.144 DEBUG 15420 --- [main] org.hibernate.type.BasicTypeRegistry     : Adding type registration [Ljava.lang.Byte; -> org.hibernate.type.WrapperBinaryType@25ffd826
2022-06-20 00:04:05.144 DEBUG 15420 --- [main] org.hibernate.type.BasicTypeRegistry     : Adding type registration row_version -> org.hibernate.type.RowVersionType@4a1a256d
2022-06-20 00:04:05.144 DEBUG 15420 --- [main] org.hibernate.type.BasicTypeRegistry     : Adding type registration image -> org.hibernate.type.ImageType@684e8c9d
2022-06-20 00:04:05.145 DEBUG 15420 --- [main] org.hibernate.type.BasicTypeRegistry     : Adding type registration characters -> org.hibernate.type.CharArrayType@10850d17
2022-06-20 00:04:05.145 DEBUG 15420 --- [main] org.hibernate.type.BasicTypeRegistry     : Adding type registration char[] -> org.hibernate.type.CharArrayType@10850d17
2022-06-20 00:04:05.145 DEBUG 15420 --- [main] org.hibernate.type.BasicTypeRegistry     : Adding type registration [C -> org.hibernate.type.CharArrayType@10850d17
2022-06-20 00:04:05.145 DEBUG 15420 --- [main] org.hibernate.type.BasicTypeRegistry     : Adding type registration wrapper-characters -> org.hibernate.type.CharacterArrayType@6fa2448b
2022-06-20 00:04:05.145 DEBUG 15420 --- [main] org.hibernate.type.BasicTypeRegistry     : Adding type registration [Ljava.lang.Character; -> org.hibernate.type.CharacterArrayType@6fa2448b
2022-06-20 00:04:05.145 DEBUG 15420 --- [main] org.hibernate.type.BasicTypeRegistry     : Adding type registration Character[] -> org.hibernate.type.CharacterArrayType@6fa2448b
2022-06-20 00:04:05.146 DEBUG 15420 --- [main] org.hibernate.type.BasicTypeRegistry     : Adding type registration text -> org.hibernate.type.TextType@3b009e7b
2022-06-20 00:04:05.146 DEBUG 15420 --- [main] org.hibernate.type.BasicTypeRegistry     : Adding type registration ntext -> org.hibernate.type.NTextType@603cabc4
2022-06-20 00:04:05.147 DEBUG 15420 --- [main] org.hibernate.type.BasicTypeRegistry     : Adding type registration blob -> org.hibernate.type.BlobType@5a7df831
2022-06-20 00:04:05.147 DEBUG 15420 --- [main] org.hibernate.type.BasicTypeRegistry     : Adding type registration java.sql.Blob -> org.hibernate.type.BlobType@5a7df831
2022-06-20 00:04:05.147 DEBUG 15420 --- [main] org.hibernate.type.BasicTypeRegistry     : Adding type registration materialized_blob -> org.hibernate.type.MaterializedBlobType@19fd43da
2022-06-20 00:04:05.147 DEBUG 15420 --- [main] org.hibernate.type.BasicTypeRegistry     : Adding type registration clob -> org.hibernate.type.ClobType@2e5e6fc4
2022-06-20 00:04:05.148 DEBUG 15420 --- [main] org.hibernate.type.BasicTypeRegistry     : Adding type registration java.sql.Clob -> org.hibernate.type.ClobType@2e5e6fc4
2022-06-20 00:04:05.148 DEBUG 15420 --- [main] org.hibernate.type.BasicTypeRegistry     : Adding type registration nclob -> org.hibernate.type.NClobType@3bc69ce9
2022-06-20 00:04:05.148 DEBUG 15420 --- [main] org.hibernate.type.BasicTypeRegistry     : Adding type registration java.sql.NClob -> org.hibernate.type.NClobType@3bc69ce9
2022-06-20 00:04:05.148 DEBUG 15420 --- [main] org.hibernate.type.BasicTypeRegistry     : Adding type registration materialized_clob -> org.hibernate.type.MaterializedClobType@4dfe8b37
2022-06-20 00:04:05.149 DEBUG 15420 --- [main] org.hibernate.type.BasicTypeRegistry     : Adding type registration materialized_nclob -> org.hibernate.type.MaterializedNClobType@75aea2ba
2022-06-20 00:04:05.149 DEBUG 15420 --- [main] org.hibernate.type.BasicTypeRegistry     : Adding type registration serializable -> org.hibernate.type.SerializableType@576b7c74
2022-06-20 00:04:05.151 DEBUG 15420 --- [main] org.hibernate.type.BasicTypeRegistry     : Adding type registration object -> org.hibernate.type.ObjectType@4c6a4ffd
2022-06-20 00:04:05.151 DEBUG 15420 --- [main] org.hibernate.type.BasicTypeRegistry     : Adding type registration java.lang.Object -> org.hibernate.type.ObjectType@4c6a4ffd
2022-06-20 00:04:05.151 DEBUG 15420 --- [main] org.hibernate.type.BasicTypeRegistry     : Adding type registration imm_date -> org.hibernate.type.AdaptedImmutableType@2287395
2022-06-20 00:04:05.151 DEBUG 15420 --- [main] org.hibernate.type.BasicTypeRegistry     : Adding type registration imm_time -> org.hibernate.type.AdaptedImmutableType@535a518c
2022-06-20 00:04:05.151 DEBUG 15420 --- [main] org.hibernate.type.BasicTypeRegistry     : Adding type registration imm_timestamp -> org.hibernate.type.AdaptedImmutableType@38f981b6
2022-06-20 00:04:05.151 DEBUG 15420 --- [main] org.hibernate.type.BasicTypeRegistry     : Adding type registration imm_dbtimestamp -> org.hibernate.type.AdaptedImmutableType@3a4aadf8
2022-06-20 00:04:05.151 DEBUG 15420 --- [main] org.hibernate.type.BasicTypeRegistry     : Adding type registration imm_calendar -> org.hibernate.type.AdaptedImmutableType@7bbfc5ff
2022-06-20 00:04:05.151 DEBUG 15420 --- [main] org.hibernate.type.BasicTypeRegistry     : Adding type registration imm_calendar_date -> org.hibernate.type.AdaptedImmutableType@7a682d35
2022-06-20 00:04:05.151 DEBUG 15420 --- [main] org.hibernate.type.BasicTypeRegistry     : Adding type registration imm_binary -> org.hibernate.type.AdaptedImmutableType@ee8e7ff
2022-06-20 00:04:05.151 DEBUG 15420 --- [main] org.hibernate.type.BasicTypeRegistry     : Adding type registration imm_serializable -> org.hibernate.type.AdaptedImmutableType@61a2aeb7
2022-06-20 00:04:05.377 DEBUG 15420 --- [main] o.h.type.spi.TypeConfiguration$Scope     : Scoping TypeConfiguration [org.hibernate.type.spi.TypeConfiguration@45287377] to MetadataBuildingContext [org.hibernate.boot.internal.MetadataBuildingContextRootImpl@7159d601]
2022-06-20 00:04:05.451 DEBUG 15420 --- [main] o.h.type.spi.TypeConfiguration$Scope     : Scoping TypeConfiguration [org.hibernate.type.spi.TypeConfiguration@45287377] to SessionFactoryImpl [org.hibernate.internal.SessionFactoryImpl@6a4af081]
2022-06-20 00:04:05.476 TRACE 15420 --- [main] o.h.type.spi.TypeConfiguration$Scope     : Handling #sessionFactoryCreated from [org.hibernate.internal.SessionFactoryImpl@6a4af081] for TypeConfiguration
